0 verbose cli /opt/homebrew/Cellar/node/24.2.0/bin/node /opt/homebrew/bin/npm
1 info using npm@11.3.0
2 info using node@v24.2.0
3 silly config load:file:/opt/homebrew/lib/node_modules/npm/npmrc
4 silly config load:file:/Users/hridesh/Web/MAC/.npmrc
5 silly config load:file:/Users/hridesh/.npmrc
6 silly config load:file:/opt/homebrew/etc/npmrc
7 verbose title npm install @playwright/test
8 verbose argv "install" "--save-dev" "@playwright/test" "--cache" "./.npm-cache"
9 verbose logfile logs-max:10 dir:/Users/hridesh/Web/MAC/.npm-cache/_logs/2026-03-05T05_52_06_327Z-
10 verbose logfile /Users/hridesh/Web/MAC/.npm-cache/_logs/2026-03-05T05_52_06_327Z-debug-0.log
11 silly logfile done cleaning log files
12 silly packumentCache heap:4496293888 maxSize:1124073472 maxEntrySize:562036736
13 verbose shrinkwrap failed to load /Users/hridesh/Web/MAC EPERM: operation not permitted, open '/Users/hridesh/Web/MAC/node_modules/.package-lock.json'
14 silly idealTree buildDeps
15 silly fetch manifest @playwright/test@*
16 silly packumentCache full:https://registry.npmjs.org/@playwright%2ftest cache-miss
17 http fetch GET 200 https://registry.npmjs.org/@playwright%2ftest 224ms (cache miss)
18 silly packumentCache full:https://registry.npmjs.org/@playwright%2ftest set size:undefined disposed:false
19 silly placeDep ROOT @playwright/test@1.58.2 OK for: mac-website@1.0.0 want: *
20 silly fetch manifest playwright@1.58.2
21 silly packumentCache full:https://registry.npmjs.org/playwright cache-miss
22 http fetch GET 200 https://registry.npmjs.org/playwright 625ms (cache miss)
23 silly packumentCache full:https://registry.npmjs.org/playwright set size:undefined disposed:false
24 silly placeDep ROOT playwright@1.58.2 OK for: @playwright/test@1.58.2 want: 1.58.2
25 silly fetch manifest playwright-core@1.58.2
26 silly packumentCache full:https://registry.npmjs.org/playwright-core cache-miss
27 silly fetch manifest fsevents@2.3.2
28 silly packumentCache full:https://registry.npmjs.org/fsevents cache-miss
29 http fetch GET 200 https://registry.npmjs.org/npm 969ms
30 http fetch GET 200 https://registry.npmjs.org/fsevents 87ms (cache miss)
31 silly packumentCache full:https://registry.npmjs.org/fsevents set size:undefined disposed:false
32 http fetch GET 200 https://registry.npmjs.org/playwright-core 617ms (cache miss)
33 silly packumentCache full:https://registry.npmjs.org/playwright-core set size:undefined disposed:false
34 silly placeDep node_modules/playwright fsevents@2.3.2 OK for: playwright@1.58.2 want: 2.3.2
35 silly placeDep ROOT playwright-core@1.58.2 OK for: playwright@1.58.2 want: 1.58.2
36 silly reify moves {}
37 verbose stack Error: EPERM: operation not permitted, mkdir '/Users/hridesh/Web/MAC/node_modules/@supabase/auth-js'
37 verbose stack     at async mkdir (node:internal/fs/promises:859:10)
37 verbose stack     at async /opt/homebrew/lib/node_modules/npm/node_modules/@npmcli/arborist/lib/arborist/reify.js:638:20
37 verbose stack     at async Promise.allSettled (index 0)
37 verbose stack     at async [reifyPackages] (/opt/homebrew/lib/node_modules/npm/node_modules/@npmcli/arborist/lib/arborist/reify.js:336:11)
37 verbose stack     at async Arborist.reify (/opt/homebrew/lib/node_modules/npm/node_modules/@npmcli/arborist/lib/arborist/reify.js:141:5)
37 verbose stack     at async Install.exec (/opt/homebrew/lib/node_modules/npm/lib/commands/install.js:149:5)
37 verbose stack     at async Npm.exec (/opt/homebrew/lib/node_modules/npm/lib/npm.js:208:9)
37 verbose stack     at async module.exports (/opt/homebrew/lib/node_modules/npm/lib/cli/entry.js:67:5)
38 error code EPERM
39 error syscall mkdir
40 error path /Users/hridesh/Web/MAC/node_modules/@supabase/auth-js
41 error errno -1
42 error Error: EPERM: operation not permitted, mkdir '/Users/hridesh/Web/MAC/node_modules/@supabase/auth-js'
42 error     at async mkdir (node:internal/fs/promises:859:10)
42 error     at async /opt/homebrew/lib/node_modules/npm/node_modules/@npmcli/arborist/lib/arborist/reify.js:638:20
42 error     at async Promise.allSettled (index 0)
42 error     at async [reifyPackages] (/opt/homebrew/lib/node_modules/npm/node_modules/@npmcli/arborist/lib/arborist/reify.js:336:11)
42 error     at async Arborist.reify (/opt/homebrew/lib/node_modules/npm/node_modules/@npmcli/arborist/lib/arborist/reify.js:141:5)
42 error     at async Install.exec (/opt/homebrew/lib/node_modules/npm/lib/commands/install.js:149:5)
42 error     at async Npm.exec (/opt/homebrew/lib/node_modules/npm/lib/npm.js:208:9)
42 error     at async module.exports (/opt/homebrew/lib/node_modules/npm/lib/cli/entry.js:67:5) {
42 error   errno: -1,
42 error   code: 'EPERM',
42 error   syscall: 'mkdir',
42 error   path: '/Users/hridesh/Web/MAC/node_modules/@supabase/auth-js'
42 error }
43 error
43 error The operation was rejected by your operating system.
43 error It is likely you do not have the permissions to access this file as the current user
43 error
43 error If you believe this might be a permissions issue, please double-check the
43 error permissions of the file and its containing directories, or try running
43 error the command again as root/Administrator.
44 silly unfinished npm timer reify 1772689926415
45 silly unfinished npm timer reify:createSparse 1772689928030
46 verbose cwd /Users/hridesh/Web/MAC
47 verbose os Darwin 25.3.0
48 verbose node v24.2.0
49 verbose npm  v11.3.0
50 notice
50 notice New [33mminor[39m version of npm available! [33m11.3.0[39m -> [34m11.11.0[39m
50 notice Changelog: [34mhttps://github.com/npm/cli/releases/tag/v11.11.0[39m
50 notice To update run: [4mnpm install -g npm@11.11.0[24m
50 notice  { force: true, Symbol(proc-log.meta): true }
51 verbose exit -1
52 verbose code -1
53 error A complete log of this run can be found in: /Users/hridesh/Web/MAC/.npm-cache/_logs/2026-03-05T05_52_06_327Z-debug-0.log
